Determining if the pthread_create exist failed with the following output:
Change Dir: /home/vishnu/Desktop/ROS_Summer2016/workspace/build/CMakeFiles/CMakeTmp

Run Build Command:/usr/bin/make "cmTryCompileExec1880611378/fast"
/usr/bin/make -f CMakeFiles/cmTryCompileExec1880611378.dir/build.make CMakeFiles/cmTryCompileExec1880611378.dir/build
make[1]: Entering directory `/home/vishnu/Desktop/ROS_Summer2016/workspace/build/CMakeFiles/CMakeTmp'
/usr/bin/cmake -E cmake_progress_report /home/vishnu/Desktop/ROS_Summer2016/workspace/build/CMakeFiles/CMakeTmp/CMakeFiles 1
Building C object CMakeFiles/cmTryCompileExec1880611378.dir/CheckSymbolExists.c.o
/usr/bin/cc    -o CMakeFiles/cmTryCompileExec1880611378.dir/CheckSymbolExists.c.o   -c /home/vishnu/Desktop/ROS_Summer2016/workspace/build/CMakeFiles/CMakeTmp/CheckSymbolExists.c
Linking C executable cmTryCompileExec1880611378
/usr/bin/cmake -E cmake_link_script CMakeFiles/cmTryCompileExec1880611378.dir/link.txt --verbose=1
/usr/bin/cc       CMakeFiles/cmTryCompileExec1880611378.dir/CheckSymbolExists.c.o  -o cmTryCompileExec1880611378 -rdynamic 
CMakeFiles/cmTryCompileExec1880611378.dir/CheckSymbolExists.c.o: In function `main':
CheckSymbolExists.c:(.text+0x16): undefined reference to `pthread_create'
collect2: error: ld returned 1 exit status
make[1]: *** [cmTryCompileExec1880611378] Error 1
make[1]: Leaving directory `/home/vishnu/Desktop/ROS_Summer2016/workspace/build/CMakeFiles/CMakeTmp'
make: *** [cmTryCompileExec1880611378/fast] Error 2

File /home/vishnu/Desktop/ROS_Summer2016/workspace/build/CMakeFiles/CMakeTmp/CheckSymbolExists.c:
/* */
#include <pthread.h>

int main(int argc, char** argv)
{
  (void)argv;
#ifndef pthread_create
  return ((int*)(&pthread_create))[argc];
#else
  (void)argc;
  return 0;
#endif
}

Determining if the function pthread_create exists in the pthreads failed with the following output:
Change Dir: /home/vishnu/Desktop/ROS_Summer2016/workspace/build/CMakeFiles/CMakeTmp

Run Build Command:/usr/bin/make "cmTryCompileExec712226366/fast"
/usr/bin/make -f CMakeFiles/cmTryCompileExec712226366.dir/build.make CMakeFiles/cmTryCompileExec712226366.dir/build
make[1]: Entering directory `/home/vishnu/Desktop/ROS_Summer2016/workspace/build/CMakeFiles/CMakeTmp'
/usr/bin/cmake -E cmake_progress_report /home/vishnu/Desktop/ROS_Summer2016/workspace/build/CMakeFiles/CMakeTmp/CMakeFiles 1
Building C object CMakeFiles/cmTryCompileExec712226366.dir/CheckFunctionExists.c.o
/usr/bin/cc   -DCHECK_FUNCTION_EXISTS=pthread_create   -o CMakeFiles/cmTryCompileExec712226366.dir/CheckFunctionExists.c.o   -c /usr/share/cmake-2.8/Modules/CheckFunctionExists.c
Linking C executable cmTryCompileExec712226366
/usr/bin/cmake -E cmake_link_script CMakeFiles/cmTryCompileExec712226366.dir/link.txt --verbose=1
/usr/bin/cc   -DCHECK_FUNCTION_EXISTS=pthread_create    CMakeFiles/cmTryCompileExec712226366.dir/CheckFunctionExists.c.o  -o cmTryCompileExec712226366 -rdynamic -lpthreads 
/usr/bin/ld: cannot find -lpthreads
collect2: error: ld returned 1 exit status
make[1]: *** [cmTryCompileExec712226366] Error 1
make[1]: Leaving directory `/home/vishnu/Desktop/ROS_Summer2016/workspace/build/CMakeFiles/CMakeTmp'
make: *** [cmTryCompileExec712226366/fast] Error 2


